1710510783388	geckodriver	INFO	Listening on 127.0.0.1:62939
1710510786475	mozrunner::runner	INFO	Running command: "C:\\Program Files\\Firefox Developer Edition\\firefox.exe" "--marionette" "--remote-debugging-port" "62940" "--remote-allow-hosts" "localhost" "-no-remote" "-profile" "C:\\Users\\dc116\\AppData\\Local\\Temp\\rust_mozprofileOMLONG"
console.warn: services.settings: Ignoring preference override of remote settings server
console.warn: services.settings: Allow by setting MOZ_REMOTE_SETTINGS_DEVTOOLS=1 in the environment
1710510787325	Marionette	INFO	Marionette enabled
Dynamically enable window occlusion 0
1710510787475	Marionette	INFO	Listening on port 62947
WebDriver BiDi listening on ws://127.0.0.1:62940
Read port: 62947
1710510787620	RemoteAgent	WARN	TLS certificate errors will be ignored for this session
DevTools listening on ws://127.0.0.1:62940/devtools/browser/180e1f97-d677-44b5-b2f7-3c91432d3133
JavaScript warning: https://sportsbook.draftkings.com/XGxcd2/dYJWkA/7Z75/xcdpa4/a4JNw/N3JYbrhLLw1uOE/ATJQAQ/GV/BCe29MLjo, line 1: unreachable code after return statement
JavaScript warning: https://sportsbook.draftkings.com/_sec/cp_challenge/sec-cpt-4-3.js, line 1: unreachable code after return statement
JavaScript warning: https://sportsbook.draftkings.com/XGxcd2/dYJWkA/7Z75/xcdpa4/a4JNw/N3JYbrhLLw1uOE/ATJQAQ/GV/BCe29MLjo, line 1: WEBGL_debug_renderer_info is deprecated in Firefox and will be removed. Please use RENDERER.
JavaScript warning: https://sportsbook.draftkings.com/XGxcd2/dYJWkA/7Z75/xcdpa4/a4JNw/N3JYbrhLLw1uOE/ATJQAQ/GV/BCe29MLjo, line 1: WEBGL_debug_renderer_info is deprecated in Firefox and will be removed. Please use RENDERER.
JavaScript warning: https://sportsbook.draftkings.com/XGxcd2/dYJWkA/7Z75/xcdpa4/a4JNw/N3JYbrhLLw1uOE/ATJQAQ/GV/BCe29MLjo, line 1: WEBGL_debug_renderer_info is deprecated in Firefox and will be removed. Please use RENDERER.
JavaScript warning: https://sc-static.net/scevent.min.js, line 2: Script terminated by timeout at:
m@https://sc-static.net/scevent.min.js:2:2789
c@https://sc-static.net/scevent.min.js:2:6823

1710510818444	addons.xpi	ERROR	System addon update list error SyntaxError: XMLHttpRequest.open: 'http://%(server)s/dummy-system-addons.xml' is not a valid URL.
Exiting due to channel error.
Exiting due to channel error.
