1709580059838	geckodriver	INFO	Listening on 127.0.0.1:52394
1709580062893	mozrunner::runner	INFO	Running command: "C:\\Program Files\\Firefox Developer Edition\\firefox.exe" "--marionette" "--remote-debugging-port" "52395" "--remote-allow-hosts" "localhost" "-no-remote" "-profile" "C:\\Users\\dc116\\AppData\\Local\\Temp\\rust_mozprofileAz7nzu"
console.warn: services.settings: Ignoring preference override of remote settings server
console.warn: services.settings: Allow by setting MOZ_REMOTE_SETTINGS_DEVTOOLS=1 in the environment
1709580063273	Marionette	INFO	Marionette enabled
Dynamically enable window occlusion 0
1709580063359	Marionette	INFO	Listening on port 52403
WebDriver BiDi listening on ws://127.0.0.1:52395
Read port: 52403
1709580063640	RemoteAgent	WARN	TLS certificate errors will be ignored for this session
DevTools listening on ws://127.0.0.1:52395/devtools/browser/44e0816f-7168-4f12-9965-88f9fa770938
JavaScript warning: https://sportsbook.draftkings.com/7Ws3qKay38/7IT4j4m5O3/Vu5f0J6fNVc9/aVNaAQ/ISdyZW8/0eFw, line 1: unreachable code after return statement
JavaScript warning: https://sportsbook.draftkings.com/_sec/cp_challenge/sec-cpt-4-3.js, line 1: unreachable code after return statement
JavaScript warning: https://sportsbook.draftkings.com/7Ws3qKay38/7IT4j4m5O3/Vu5f0J6fNVc9/aVNaAQ/ISdyZW8/0eFw, line 1: WEBGL_debug_renderer_info is deprecated in Firefox and will be removed. Please use RENDERER.
JavaScript warning: https://sportsbook.draftkings.com/7Ws3qKay38/7IT4j4m5O3/Vu5f0J6fNVc9/aVNaAQ/ISdyZW8/0eFw, line 1: WEBGL_debug_renderer_info is deprecated in Firefox and will be removed. Please use RENDERER.
JavaScript warning: https://sportsbook.draftkings.com/7Ws3qKay38/7IT4j4m5O3/Vu5f0J6fNVc9/aVNaAQ/ISdyZW8/0eFw, line 1: WEBGL_debug_renderer_info is deprecated in Firefox and will be removed. Please use RENDERER.
JavaScript warning: https://sc-static.net/scevent.min.js, line 2: Script terminated by timeout at:
m@https://sc-static.net/scevent.min.js:2:2789
c@https://sc-static.net/scevent.min.js:2:6823

1709580093409	addons.xpi	ERROR	System addon update list error SyntaxError: XMLHttpRequest.open: 'http://%(server)s/dummy-system-addons.xml' is not a valid URL.
1709580101646	Marionette	INFO	Stopped listening on port 52403
JavaScript warning: https://sportsbook.draftkings.com/leagues/basketball/ncaab, line 48: Script terminated by timeout at:
nrWrapper@https://sportsbook.draftkings.com/leagues/basketball/ncaab:48:15607

Dynamically enable window occlusion 1
